<?xml version="1.0" encoding="UTF-8" ?>
<testsuite failures="0" time="0.02" errors="1" skipped="0" tests="1" name="test.java.helper.PIPBDDTest">
  <properties>
[...]
</properties>
  <testcase time="0.016" classname="test.java.helper.PIPBDDTest" name="initializationError">
    <error message="Bad tag: &quot;Demo2&quot;" type="gherkin.TagExpression$BadTagException">gherkin.TagExpression$BadTagException: Bad tag: &quot;Demo2&quot;
	at gherkin.TagExpression$TagExp.&lt;init&gt;(TagExpression.java:122)
	at gherkin.TagExpression.add(TagExpression.java:57)
	at gherkin.TagExpression.&lt;init&gt;(TagExpression.java:17)
	at gherkin.formatter.TagFilter.&lt;init&gt;(TagFilter.java:14)
	at gherkin.formatter.FilterFormatter.detectFilter(FilterFormatter.java:64)
	at gherkin.formatter.FilterFormatter.&lt;init&gt;(FilterFormatter.java:41)
	at cucumber.runtime.FeatureBuilder.parse(FeatureBuilder.java:126)
	at cucumber.runtime.model.CucumberFeature.loadFromFeaturePath(CucumberFeature.java:102)
	at cucumber.runtime.model.CucumberFeature.load(CucumberFeature.java:54)
	at cucumber.runtime.model.CucumberFeature.load(CucumberFeature.java:34)
	at cucumber.runtime.RuntimeOptions.cucumberFeatures(RuntimeOptions.java:201)
	at cucumber.api.junit.Cucumber.&lt;init&gt;(Cucumber.java:60)
	at sun.reflect.NativeConstructorAccessorImpl.newInstance0(Native Method)
	at sun.reflect.NativeConstructorAccessorImpl.newInstance(NativeConstructorAccessorImpl.java:57)
	at sun.reflect.DelegatingConstructorAccessorImpl.newInstance(DelegatingConstructorAccessorImpl.java:45)
	at java.lang.reflect.Constructor.newInstance(Constructor.java:526)
	at org.junit.internal.builders.AnnotatedBuilder.buildRunner(AnnotatedBuilder.java:104)
	at org.junit.internal.builders.AnnotatedBuilder.runnerForClass(AnnotatedBuilder.java:86)
	at org.junit.runners.model.RunnerBuilder.safeRunnerForClass(RunnerBuilder.java:59)
	at org.junit.internal.builders.AllDefaultPossibilitiesBuilder.runnerForClass(AllDefaultPossibilitiesBuilder.java:26)
	at org.junit.runner.Computer.getRunner(Computer.java:40)
	at org.apache.maven.surefire.junitcore.ConfigurableParallelComputer.getRunner(ConfigurableParallelComputer.java:142)
	at org.junit.runner.Computer$1.runnerForClass(Computer.java:31)
	at org.junit.runners.model.RunnerBuilder.safeRunnerForClass(RunnerBuilder.java:59)
	at org.junit.runners.model.RunnerBuilder.runners(RunnerBuilder.java:101)
	at org.junit.runners.model.RunnerBuilder.runners(RunnerBuilder.java:87)
	at org.junit.runners.Suite.&lt;init&gt;(Suite.java:81)
	at org.junit.runner.Computer.getSuite(Computer.java:28)
	at org.apache.maven.surefire.junitcore.ConfigurableParallelComputer.getSuite(ConfigurableParallelComputer.java:134)
	at org.junit.runner.Request.classes(Request.java:75)
	at org.apache.maven.surefire.junitcore.JUnitCoreWrapper.execute(JUnitCoreWrapper.java:53)
	at org.apache.maven.surefire.junitcore.JUnitCoreProvider.invoke(JUnitCoreProvider.java:140)
	at sun.reflect.NativeMethodAccessorImpl.invoke0(Native Method)
	at sun.reflect.NativeMethodAccessorImpl.invoke(NativeMethodAccessorImpl.java:57)
	at sun.reflect.DelegatingMethodAccessorImpl.invoke(DelegatingMethodAccessorImpl.java:43)
	at java.lang.reflect.Method.invoke(Method.java:606)
	at org.apache.maven.surefire.util.ReflectionUtils.invokeMethodWithArray(ReflectionUtils.java:188)
	at org.apache.maven.surefire.booter.ProviderFactory$ProviderProxy.invoke(ProviderFactory.java:166)
	at org.apache.maven.surefire.booter.ProviderFactory.invokeProvider(ProviderFactory.java:86)
	at org.apache.maven.surefire.booter.ForkedBooter.runSuitesInProcess(ForkedBooter.java:101)
	at org.apache.maven.surefire.booter.ForkedBooter.main(ForkedBooter.java:74)
</error>
  </testcase>
</testsuite>